


ARM Macro Assembler    Page 1 


    1 00000000         
    2 00000000         ;  R0 = X[]
    3 00000000         ;  R1 = N
    4 00000000         ;  R2 = hash[]
    5 00000000         
    6 00000000         
    7 00000000                 AREA             |.text|, CODE, READONLY
    8 00000000         
    9 00000000                 EXPORT           duplicate2asm
   10 00000000         
   11 00000000         duplicate2asm
   12 00000000 F850 4B04       LDR              R4, [R0], #4 ; reading X[i] -> 
                                                            R4
   13 00000004         
   14 00000004         search1
   15 00000004 F04F 0710       MOV              R7, #16
   16 00000008 F04F 0600       MOV              R6, #0
   17 0000000C         search2
   18 0000000C 5995            LDR              R5, [R2, R6]
   19 0000000E 1E2D            SUBS             R5, R5, #0  ; check if hash[i].
                                                            integer = 0
   20 00000010 D107            BNE              after1      ; search the next o
                                                            ne
   21 00000012 5194            STR              R4,[R2,R6]
   22 00000014 F04F 0801       MOV              R8, #1
   23 00000018 F106 0604       ADD              R6, R6, #4
   24 0000001C F842 8006       STR              R8, [R2,R6]
   25 00000020 E00C            b                after3
   26 00000022         
   27 00000022         after1
   28 00000022 42AC            CMP              R4, R5      ; compare x[i] with
                                                             hash[i].integer
   29 00000024 D106            BNE              after2
   30 00000026         ; find it, increase the number
   31 00000026 F106 0604       ADD              R6, R6, #4
   32 0000002A 5994            LDR              R4, [R2, R6]
   33 0000002C F104 0401       ADD              R4, R4, #1
   34 00000030 5194            STR              R4, [R2, R6]
   35 00000032 E003            b                after3
   36 00000034         
   37 00000034         after2
   38 00000034 F106 0608       ADD              R6, R6, #8
   39 00000038 1E7F            SUBS             R7, R7, #1
   40 0000003A D1E7            BNE              search2
   41 0000003C         
   42 0000003C 1E49    after3  SUBS             R1, R1, #1
   43 0000003E D1FE            BNE              duplicate2asm
   44 00000040 4770            BX               LR
   45 00000042                 END
Command Line: --debug --xref --cpu=Cortex-M3 --apcs=interwork --depend=.\obj\du
plicate2asm.d -o.\obj\duplicate2asm.o -IC:\Keil\ARM\RV31\INC -IC:\Keil\ARM\CMSI
S\Include -IC:\Keil\ARM\Inc\NXP\LPC17xx --predefine="__MICROLIB SETA 1" --list=
.\lst\duplicate2asm.lst duplicate2asm.s



ARM Macro Assembler    Page 1 Alphabetic symbol ordering
Relocatable symbols

.text 00000000

Symbol: .text
   Definitions
      At line 7 in file duplicate2asm.s
   Uses
      None
Comment: .text unused
after1 00000022

Symbol: after1
   Definitions
      At line 27 in file duplicate2asm.s
   Uses
      At line 20 in file duplicate2asm.s
Comment: after1 used once
after2 00000034

Symbol: after2
   Definitions
      At line 37 in file duplicate2asm.s
   Uses
      At line 29 in file duplicate2asm.s
Comment: after2 used once
after3 0000003C

Symbol: after3
   Definitions
      At line 42 in file duplicate2asm.s
   Uses
      At line 25 in file duplicate2asm.s
      At line 35 in file duplicate2asm.s

duplicate2asm 00000000

Symbol: duplicate2asm
   Definitions
      At line 11 in file duplicate2asm.s
   Uses
      At line 9 in file duplicate2asm.s
      At line 43 in file duplicate2asm.s

search1 00000004

Symbol: search1
   Definitions
      At line 14 in file duplicate2asm.s
   Uses
      None
Comment: search1 unused
search2 0000000C

Symbol: search2
   Definitions
      At line 17 in file duplicate2asm.s
   Uses
      At line 40 in file duplicate2asm.s
Comment: search2 used once
7 symbols



ARM Macro Assembler    Page 2 Alphabetic symbol ordering
Relocatable symbols

338 symbols in table
